<?xml version="1.0" encoding="UTF-8"?>
<!-- Generated by org.testng.reporters.JUnitReportReporter -->
<testsuite hostname="LAPTOP-IDMT6PEJ" failures="0" tests="3" name="TestNGDemo" time="0.010" errors="0" timestamp="2022-09-28T20:35:09 IST" skipped="0">
  <testcase classname="TestNGDemo" name="b" time="0.002"/>
  <system-out/>
  <testcase classname="TestNGDemo" name="c" time="0.002"/>
  <system-out/>
  <testcase classname="TestNGDemo" name="a" time="0.006"/>
  <system-out/>
</testsuite> <!-- TestNGDemo -->
